Performing system checks...

System check identified no issues (0 silenced).
May 02, 2016 - 17:25:47
Django version 1.7.9, using settings 'WebService.settings'
Starting development server at http://localhost:8080/
Quit the server with CONTROL-C.
[02/May/2016 17:25:47] "GET / HTTP/1.1" 200 50
[02/May/2016 17:25:53] "GET /admin/ HTTP/1.1" 200 6582
[02/May/2016 17:25:53] "GET /admin/ HTTP/1.1" 200 6582
[02/May/2016 17:26:02] "GET /update_food/0/magro/0/1/0/1/0/ HTTP/1.1" 500 76469
Performing system checks...

System check identified no issues (0 silenced).
May 02, 2016 - 17:26:26
Django version 1.7.9, using settings 'WebService.settings'
Starting development server at http://localhost:8080/
Quit the server with CONTROL-C.
[02/May/2016 17:26:27] "GET /update_food/0/magro/0/1/0/1/0/ HTTP/1.1" 500 69910
[02/May/2016 17:26:33] "GET /update_food/0/magro/0/1/0/1/0/ HTTP/1.1" 500 69910
[02/May/2016 17:26:34] "GET /update_food/0/magro/0/1/0/1/0/ HTTP/1.1" 500 69910
[02/May/2016 17:26:34] "GET /update_food/0/magro/0/1/0/1/0/ HTTP/1.1" 500 69910
[02/May/2016 17:26:34] "GET /update_food/0/magro/0/1/0/1/0/ HTTP/1.1" 500 69910
Performing system checks...

System check identified no issues (0 silenced).
May 02, 2016 - 17:26:41
Django version 1.7.9, using settings 'WebService.settings'
Starting development server at http://localhost:8080/
Quit the server with CONTROL-C.
[02/May/2016 17:26:43] "GET /update_food/0/magro/0/1/0/1/0/ HTTP/1.1" 404 1660
[02/May/2016 17:27:34] "GET /admin/ HTTP/1.1" 200 6582
[02/May/2016 17:27:36] "GET /admin/webservice/nutron_food/ HTTP/1.1" 200 4485
[02/May/2016 17:27:36] "GET /admin/jsi18n/ HTTP/1.1" 200 2372
[02/May/2016 17:28:20] "GET /update_food/75/magro/0/1/0/1/0/ HTTP/1.1" 200 50
[02/May/2016 17:29:02] "GET /admin/webservice/nutron_food/ HTTP/1.1" 200 4485
[02/May/2016 17:29:02] "GET /static/admin/css/changelists.css HTTP/1.1" 304 0
[02/May/2016 17:29:02] "GET /static/admin/css/base.css HTTP/1.1" 304 0
[02/May/2016 17:29:02] "GET /static/admin/js/core.js HTTP/1.1" 304 0
[02/May/2016 17:29:02] "GET /static/admin/js/admin/RelatedObjectLookups.js HTTP/1.1" 304 0
[02/May/2016 17:29:02] "GET /admin/jsi18n/ HTTP/1.1" 200 2372
[02/May/2016 17:29:02] "GET /static/admin/js/jquery.js HTTP/1.1" 304 0
[02/May/2016 17:29:02] "GET /static/admin/js/jquery.init.js HTTP/1.1" 304 0
[02/May/2016 17:29:02] "GET /static/admin/js/actions.js HTTP/1.1" 304 0
[02/May/2016 17:29:04] "GET /admin/webservice/nutron_food/75/ HTTP/1.1" 200 6159
[02/May/2016 17:29:04] "GET /admin/jsi18n/ HTTP/1.1" 200 2372
[02/May/2016 17:29:05] "GET /admin/webservice/nutron_food/ HTTP/1.1" 200 4485
[02/May/2016 17:29:05] "GET /admin/jsi18n/ HTTP/1.1" 200 2372
